[2026-06-01T15:00:46.366Z] GET /users 200 32ms | userId:guest ip:::1
[2026-06-01T15:01:37.712Z] GET /orders 200 24ms | userId:456 ip:::1
[2026-06-01T15:01:46.564Z] GET /orders 401 2ms | userId:guest ip:::1
[2026-06-01T15:19:19.953Z] GET /orders 401 5ms | userId:guest ip:::1
[2026-06-01T15:20:47.173Z] GET /orders 401 2ms | userId:guest ip:::1
[2026-06-01T16:48:44.564Z] GET /users 200 48ms | userId:guest ip:::1
[2026-06-01T16:53:47.948Z] GET /users 200 37ms | userId:guest ip:::1 reqId:2f1cf5cc-0697-4200-853f-edfa25a17349
[2026-06-01T17:05:30.648Z] GET / 404 4ms | userId:guest ip:::1 reqId:unknown
[2026-06-02T06:42:29.386Z] GET /health 503 23ms | userId:guest ip:::1 reqId:unknown
[2026-06-02T06:43:15.230Z] GET /health 503 28ms | userId:guest ip:::1 reqId:unknown
[2026-06-02T06:44:22.869Z] GET /health 200 18ms | userId:guest ip:::1 reqId:unknown
[2026-06-03T13:15:25.497Z] GET /health 503 42ms | userId:guest ip:::1 reqId:unknown
[2026-06-03T13:20:41.391Z] GET /users 200 65ms | userId:guest ip:::1 reqId:71621d32-c301-4bf1-8518-d0b0c65b39f7
[2026-06-03T13:21:31.324Z] GET /orders 502 27ms | userId:123 ip:::1 reqId:d0db9adb-649e-4384-a83b-f6019ec296b8
[2026-06-03T13:21:55.877Z] GET /orders 502 14ms | userId:123 ip:::1 reqId:de548b3c-39ba-46d2-8a10-b7d04987b3d8
[2026-06-03T13:22:18.921Z] GET /orders 503 8ms | userId:123 ip:::1 reqId:c2889446-2876-47af-a9ea-4f3bbc6e1fce
[2026-06-03T13:22:38.344Z] GET /users 200 13ms | userId:guest ip:::1 reqId:789c97c3-4fa7-40e2-a958-0cf0fdc48149
[2026-06-03T13:22:50.777Z] GET /orders 502 14ms | userId:123 ip:::1 reqId:fcff8731-9397-487f-b5d3-c12a886fb5cc
[2026-06-03T13:27:31.321Z] GET /orders 502 49ms | userId:123 ip:::1 reqId:de80a676-9d61-44c2-b70f-ebdb9469a87d
[2026-06-03T13:27:39.215Z] GET /orders 502 18ms | userId:123 ip:::1 reqId:b2474420-25f2-4553-a827-8c387e6b45ca
[2026-06-03T13:27:41.932Z] GET /orders 502 12ms | userId:123 ip:::1 reqId:e84400f8-8a48-4414-aedf-9f1383349e70
[2026-06-03T13:27:53.965Z] GET /orders 503 7ms | userId:123 ip:::1 reqId:a0635592-bf6b-4286-a536-23ad44616e80
[2026-06-03T13:28:11.470Z] GET /orders 401 2ms | userId:guest ip:::1 reqId:unknown
[2026-06-03T13:36:29.743Z] GET /health 503 19ms | userId:guest ip:::1 reqId:unknown
[2026-06-04T06:15:04.249Z] GET /health 200 40ms | userId:guest ip:::1 reqId:unknown
[2026-06-04T06:15:30.039Z] GET /users 200 61ms | userId:guest ip:::1 reqId:09ada54b-90fe-48f5-9f71-6908abde625e
[2026-06-04T06:16:04.259Z] GET /users 200 12ms | userId:guest ip:::1 reqId:ffee6b30-6494-47d2-8dd7-e2e95011cbf0
[2026-06-04T06:16:18.253Z] GET /users 200 11ms | userId:guest ip:::1 reqId:5ad5be07-bc79-401f-a400-aafb09b53a17
[2026-06-04T06:16:20.075Z] GET /users 200 9ms | userId:guest ip:::1 reqId:a4ff0bb1-c0bb-4953-bfd2-09b826abd7ef
[2026-06-04T06:16:21.355Z] GET /users 200 11ms | userId:guest ip:::1 reqId:3821a96e-5ac4-4824-b7a4-f6cbf217d92e
[2026-06-04T06:16:22.988Z] GET /users 200 8ms | userId:guest ip:::1 reqId:2a30f406-c9b9-4ab4-a554-ec82062b6e67
[2026-06-04T06:16:47.017Z] GET /products 502 23ms | userId:123 ip:::1 reqId:ca56e3d5-9035-4653-9f8e-fa41474a5209
[2026-06-04T06:17:00.022Z] GET /products 502 13ms | userId:123 ip:::1 reqId:f53005c7-1858-4976-a14d-423b539dacb8
[2026-06-04T06:17:05.234Z] GET /products 502 13ms | userId:123 ip:::1 reqId:5c90ac2f-6b49-4e6b-bbf0-489edb73f95d
[2026-06-04T06:17:18.959Z] GET /health 503 8ms | userId:guest ip:::1 reqId:unknown
[2026-06-04T07:30:50.003Z] GET /socket.io/socket.io.js 404 14ms | userId:guest ip:::1 reqId:unknown
[2026-06-04T07:30:50.071Z] GET /favicon.ico 404 2ms | userId:guest ip:::1 reqId:unknown
[2026-06-04T08:23:08.459Z] GET /socket.io/?EIO=4&transport=polling&t=8a07zjs7 404 7ms | userId:guest ip:::1 reqId:unknown
[2026-06-04T08:23:09.597Z] GET /socket.io/?EIO=4&transport=polling&t=8a13t41k 404 1ms | userId:guest ip:::1 reqId:unknown
[2026-06-04T08:23:12.363Z] GET /socket.io/?EIO=4&transport=polling&t=8a38p1az 404 1ms | userId:guest ip:::1 reqId:unknown
[2026-06-04T08:23:17.260Z] GET /socket.io/?EIO=4&transport=polling&t=8a6ygwsc 404 1ms | userId:guest ip:::1 reqId:unknown
[2026-06-04T08:23:24.676Z] GET /socket.io/?EIO=4&transport=polling&t=8acqo8x3 404 1ms | userId:guest ip:::1 reqId:unknown
[2026-06-04T08:23:25.465Z] GET /socket.io/?EIO=4&transport=polling&t=8adclp0m 404 1ms | userId:guest ip:::1 reqId:unknown
[2026-06-04T08:23:27.789Z] GET /socket.io/?EIO=4&transport=polling&t=8af57jz6 404 1ms | userId:guest ip:::1 reqId:unknown
[2026-06-04T08:23:30.964Z] GET /socket.io/?EIO=4&transport=polling&t=8ahladhp 404 1ms | userId:guest ip:::1 reqId:unknown
[2026-06-04T08:23:35.985Z] GET /socket.io/?EIO=4&transport=polling&t=8algsi8e 404 1ms | userId:guest ip:::1 reqId:unknown
[2026-06-04T08:23:40.991Z] GET /socket.io/?EIO=4&transport=polling&t=8apbw0k6 404 1ms | userId:guest ip:::1 reqId:unknown
[2026-06-04T08:23:46.005Z] GET /socket.io/?EIO=4&transport=polling&t=8at763lo 404 1ms | userId:guest ip:::1 reqId:unknown
[2026-06-04T08:23:51.012Z] GET /socket.io/?EIO=4&transport=polling&t=8ax28l50 404 1ms | userId:guest ip:::1 reqId:unknown
[2026-06-04T08:23:56.021Z] GET /socket.io/?EIO=4&transport=polling&t=8b0xdsn4 404 1ms | userId:guest ip:::1 reqId:unknown
[2026-06-04T08:24:01.146Z] GET /socket.io/?EIO=4&transport=polling&t=8b4volfn 404 1ms | userId:guest ip:::1 reqId:unknown
[2026-06-04T08:24:07.147Z] GET /socket.io/?EIO=4&transport=polling&t=8b9icau0 404 1ms | userId:guest ip:::1 reqId:unknown
[2026-06-04T08:24:13.149Z] GET /socket.io/?EIO=4&transport=polling&t=8be51mi1 404 2ms | userId:guest ip:::1 reqId:unknown
[2026-06-04T08:24:19.147Z] GET /socket.io/?EIO=4&transport=polling&t=8biriild 404 1ms | userId:guest ip:::1 reqId:unknown
[2026-06-04T08:24:25.107Z] GET /socket.io/?EIO=4&transport=polling&t=8bndbzwd 404 2ms | userId:guest ip:::1 reqId:unknown
[2026-06-04T08:24:30.123Z] GET /socket.io/?EIO=4&transport=polling&t=8br8pdff 404 1ms | userId:guest ip:::1 reqId:unknown
[2026-06-04T08:24:35.165Z] GET /socket.io/?EIO=4&transport=polling&t=8bv47v9h 404 1ms | userId:guest ip:::1 reqId:unknown
[2026-06-04T08:24:41.139Z] GET /socket.io/?EIO=4&transport=polling&t=8bzqluxf 404 1ms | userId:guest ip:::1 reqId:unknown
[2026-06-04T08:24:47.140Z] GET /socket.io/?EIO=4&transport=polling&t=8c4dbu5h 404 1ms | userId:guest ip:::1 reqId:unknown
[2026-06-04T08:24:53.155Z] GET /socket.io/?EIO=4&transport=polling&t=8c90ahm6 404 1ms | userId:guest ip:::1 reqId:unknown
[2026-06-04T08:24:59.159Z] GET /socket.io/?EIO=4&transport=polling&t=8cdmomfb 404 1ms | userId:guest ip:::1 reqId:unknown
[2026-06-04T08:25:05.147Z] GET /socket.io/?EIO=4&transport=polling&t=8ci9isuz 404 1ms | userId:guest ip:::1 reqId:unknown
[2026-06-04T08:25:11.142Z] GET /socket.io/?EIO=4&transport=polling&t=8cmw2vni 404 1ms | userId:guest ip:::1 reqId:unknown
[2026-06-04T08:25:17.145Z] GET /socket.io/?EIO=4&transport=polling&t=8criscgc 404 2ms | userId:guest ip:::1 reqId:unknown
[2026-06-04T08:25:23.142Z] GET /socket.io/?EIO=4&transport=polling&t=8cw5enhp 404 1ms | userId:guest ip:::1 reqId:unknown
[2026-06-04T08:25:29.137Z] GET /socket.io/?EIO=4&transport=polling&t=8d0rw3fx 404 1ms | userId:guest ip:::1 reqId:unknown
[2026-06-04T08:25:35.162Z] GET /socket.io/?EIO=4&transport=polling&t=8d5euita 404 1ms | userId:guest ip:::1 reqId:unknown
[2026-06-04T08:25:41.140Z] GET /socket.io/?EIO=4&transport=polling&t=8da1cksa 404 1ms | userId:guest ip:::1 reqId:unknown
[2026-06-04T08:25:47.144Z] GET /socket.io/?EIO=4&transport=polling&t=8deo4jfk 404 1ms | userId:guest ip:::1 reqId:unknown
[2026-06-04T08:25:53.141Z] GET /socket.io/?EIO=4&transport=polling&t=8djaoazf 404 1ms | userId:guest ip:::1 reqId:unknown
[2026-06-04T08:25:59.142Z] GET /socket.io/?EIO=4&transport=polling&t=8dnxe7pk 404 1ms | userId:guest ip:::1 reqId:unknown
[2026-06-04T08:26:05.150Z] GET /socket.io/?EIO=4&transport=polling&t=8dsk9f4r 404 1ms | userId:guest ip:::1 reqId:unknown
[2026-06-04T08:26:11.135Z] GET /socket.io/?EIO=4&transport=polling&t=8dx6iqkf 404 1ms | userId:guest ip:::1 reqId:unknown
[2026-06-04T08:26:17.143Z] GET /socket.io/?EIO=4&transport=polling&t=8e1texzo 404 1ms | userId:guest ip:::1 reqId:unknown
[2026-06-04T08:26:23.142Z] GET /socket.io/?EIO=4&transport=polling&t=8e6g1fpc 404 2ms | userId:guest ip:::1 reqId:unknown
[2026-06-04T08:26:29.135Z] GET /socket.io/?EIO=4&transport=polling&t=8eb2j36i 404 1ms | userId:guest ip:::1 reqId:unknown
[2026-06-04T08:26:35.140Z] GET /socket.io/?EIO=4&transport=polling&t=8efp876n 404 1ms | userId:guest ip:::1 reqId:unknown
[2026-06-04T08:26:56.488Z] GET /socket.io/?EIO=4&transport=polling&t=8ew6858a 404 5ms | userId:guest ip:::ffff:127.0.0.1 reqId:unknown
[2026-06-04T08:26:58.149Z] GET /socket.io/?EIO=4&transport=polling&t=8exgidts 404 1ms | userId:guest ip:::ffff:127.0.0.1 reqId:unknown
[2026-06-04T08:26:59.133Z] GET /socket.io/?EIO=4&transport=polling&t=8ey7s2tu 404 1ms | userId:guest ip:::ffff:127.0.0.1 reqId:unknown
[2026-06-04T08:27:00.884Z] GET /socket.io/?EIO=4&transport=polling&t=8ezkhfp4 404 1ms | userId:guest ip:::ffff:127.0.0.1 reqId:unknown
[2026-06-04T08:27:05.905Z] GET /socket.io/?EIO=4&transport=polling&t=8f3fu8gk 404 0ms | userId:guest ip:::ffff:127.0.0.1 reqId:unknown
[2026-06-04T08:27:10.914Z] GET /socket.io/?EIO=4&transport=polling&t=8f7b2qze 404 2ms | userId:guest ip:::ffff:127.0.0.1 reqId:unknown
[2026-06-04T08:27:15.922Z] GET /socket.io/?EIO=4&transport=polling&t=8fb6634w 404 2ms | userId:guest ip:::ffff:127.0.0.1 reqId:unknown
[2026-06-04T08:27:21.148Z] GET /socket.io/?EIO=4&transport=polling&t=8ff7avxc 404 1ms | userId:guest ip:::ffff:127.0.0.1 reqId:unknown
[2026-06-04T08:27:27.142Z] GET /socket.io/?EIO=4&transport=polling&t=8fjtscf0 404 2ms | userId:guest ip:::ffff:127.0.0.1 reqId:unknown
[2026-06-04T08:27:32.156Z] GET /socket.io/?EIO=4&transport=polling&t=8fnp24gr 404 1ms | userId:guest ip:::ffff:127.0.0.1 reqId:unknown
[2026-06-04T08:27:38.141Z] GET /socket.io/?EIO=4&transport=polling&t=8fsbcsia 404 1ms | userId:guest ip:::ffff:127.0.0.1 reqId:unknown
[2026-06-04T08:27:44.139Z] GET /socket.io/?EIO=4&transport=polling&t=8fwxzeem 404 1ms | userId:guest ip:::ffff:127.0.0.1 reqId:unknown
[2026-06-04T08:27:50.134Z] GET /socket.io/?EIO=4&transport=polling&t=8g1kht3d 404 1ms | userId:guest ip:::ffff:127.0.0.1 reqId:unknown
[2026-06-04T08:27:53.710Z] GET /socket.io/?EIO=4&transport=polling&t=8g4bwbr5 404 1ms | userId:guest ip:::ffff:127.0.0.1 reqId:unknown
[2026-06-04T08:27:54.513Z] GET /socket.io/?EIO=4&transport=polling&t=8g4y7uvh 404 0ms | userId:guest ip:::ffff:127.0.0.1 reqId:unknown
[2026-06-04T08:27:56.651Z] GET /socket.io/?EIO=4&transport=polling&t=8g6llgbp 404 1ms | userId:guest ip:::ffff:127.0.0.1 reqId:unknown
[2026-06-04T08:28:00.147Z] GET /socket.io/?EIO=4&transport=polling&t=8g9al05p 404 1ms | userId:guest ip:::ffff:127.0.0.1 reqId:unknown
[2026-06-04T08:28:06.147Z] GET /socket.io/?EIO=4&transport=polling&t=8gdxbzte 404 1ms | userId:guest ip:::ffff:127.0.0.1 reqId:unknown
[2026-06-04T08:28:12.145Z] GET /socket.io/?EIO=4&transport=polling&t=8gijy28d 404 1ms | userId:guest ip:::ffff:127.0.0.1 reqId:unknown
[2026-06-04T08:28:18.139Z] GET /socket.io/?EIO=4&transport=polling&t=8gn6fh75 404 1ms | userId:guest ip:::ffff:127.0.0.1 reqId:unknown
[2026-06-04T08:28:24.149Z] GET /socket.io/?EIO=4&transport=polling&t=8grtbatj 404 2ms | userId:guest ip:::1 reqId:unknown
[2026-06-04T08:28:30.135Z] GET /socket.io/?EIO=4&transport=polling&t=8gwfnoxq 404 1ms | userId:guest ip:::1 reqId:unknown
[2026-06-04T08:28:36.168Z] GET /socket.io/?EIO=4&transport=polling&t=8h12iuto 404 1ms | userId:guest ip:::1 reqId:unknown
[2026-06-04T08:28:42.140Z] GET /socket.io/?EIO=4&transport=polling&t=8h5p4rvb 404 2ms | userId:guest ip:::1 reqId:unknown
[2026-06-04T08:28:48.144Z] GET /socket.io/?EIO=4&transport=polling&t=8habxphi 404 0ms | userId:guest ip:::1 reqId:unknown
[2026-06-04T08:28:54.141Z] GET /socket.io/?EIO=4&transport=polling&t=8heygpgy 404 1ms | userId:guest ip:::1 reqId:unknown
[2026-06-04T08:29:00.150Z] GET /socket.io/?EIO=4&transport=polling&t=8hjlc3xl 404 1ms | userId:guest ip:::1 reqId:unknown
[2026-06-04T08:29:06.138Z] GET /socket.io/?EIO=4&transport=polling&t=8ho7q3c9 404 1ms | userId:guest ip:::1 reqId:unknown
[2026-06-04T08:29:12.141Z] GET /socket.io/?EIO=4&transport=polling&t=8hsuf3t8 404 3ms | userId:guest ip:::1 reqId:unknown
[2026-06-04T08:29:18.149Z] GET /socket.io/?EIO=4&transport=polling&t=8hxhbxjk 404 1ms | userId:guest ip:::1 reqId:unknown
[2026-06-04T08:29:24.142Z] GET /socket.io/?EIO=4&transport=polling&t=8i23tlon 404 1ms | userId:guest ip:::1 reqId:unknown
[2026-06-04T08:29:30.145Z] GET /socket.io/?EIO=4&transport=polling&t=8i6qibi0 404 1ms | userId:guest ip:::1 reqId:unknown
[2026-06-04T08:29:36.136Z] GET /socket.io/?EIO=4&transport=polling&t=8ibcz85a 404 1ms | userId:guest ip:::1 reqId:unknown
[2026-06-04T08:37:17.480Z] GET / 404 12ms | userId:guest ip:::1 reqId:unknown
[2026-06-04T08:56:01.157Z] GET /socket.io/?EIO=4&transport=polling&t=9gacwbgs 404 10ms | userId:guest ip:::1 reqId:unknown
[2026-06-04T08:56:07.146Z] GET /socket.io/?EIO=4&transport=polling&t=9gezm2vv 404 2ms | userId:guest ip:::1 reqId:unknown
[2026-06-04T08:56:12.158Z] GET /socket.io/?EIO=4&transport=polling&t=9giuuvwz 404 4ms | userId:guest ip:::1 reqId:unknown
[2026-06-04T08:56:17.170Z] GET /socket.io/?EIO=4&transport=polling&t=9gmq69n8 404 1ms | userId:guest ip:::1 reqId:unknown
[2026-06-04T08:56:22.189Z] GET /socket.io/?EIO=4&transport=polling&t=9gqll3ca 404 1ms | userId:guest ip:::1 reqId:unknown
[2026-06-04T08:56:25.693Z] GET /socket.io/?EIO=4&transport=polling&t=9gtayjcr 404 1ms | userId:guest ip:::1 reqId:unknown
[2026-06-04T08:56:26.594Z] GET /socket.io/?EIO=4&transport=polling&t=9gtzya1i 404 1ms | userId:guest ip:::1 reqId:unknown
[2026-06-04T08:56:28.979Z] GET /socket.io/?EIO=4&transport=polling&t=9gvu8kuj 404 1ms | userId:guest ip:::1 reqId:unknown
[2026-06-04T08:56:34.000Z] GET /socket.io/?EIO=4&transport=polling&t=9gzpn5ry 404 2ms | userId:guest ip:::1 reqId:unknown
[2026-06-04T08:56:38.710Z] GET /socket.io/?EIO=4&transport=polling&t=9h3cglq5 404 2ms | userId:guest ip:::1 reqId:unknown
[2026-06-04T08:56:44.149Z] GET /socket.io/?EIO=4&transport=polling&t=9h7jky2t 404 1ms | userId:guest ip:::1 reqId:unknown
[2026-06-04T08:56:50.140Z] GET /socket.io/?EIO=4&transport=polling&t=9hc5ylo4 404 2ms | userId:guest ip:::1 reqId:unknown
[2026-06-04T08:56:56.151Z] GET /socket.io/?EIO=4&transport=polling&t=9hgswjb9 404 2ms | userId:guest ip:::1 reqId:unknown
[2026-06-04T08:57:02.139Z] GET /socket.io/?EIO=4&transport=polling&t=9hlfbv6h 404 1ms | userId:guest ip:::1 reqId:unknown
[2026-06-04T08:57:08.149Z] GET /socket.io/?EIO=4&transport=polling&t=9hq289wp 404 1ms | userId:guest ip:::1 reqId:unknown
[2026-06-04T08:57:14.143Z] GET /socket.io/?EIO=4&transport=polling&t=9huophom 404 2ms | userId:guest ip:::1 reqId:unknown
[2026-06-04T08:57:20.140Z] GET /socket.io/?EIO=4&transport=polling&t=9hzbbw3u 404 2ms | userId:guest ip:::1 reqId:unknown
[2026-06-04T08:57:26.151Z] GET /socket.io/?EIO=4&transport=polling&t=9i3y70mq 404 1ms | userId:guest ip:::1 reqId:unknown
[2026-06-04T08:57:32.151Z] GET /socket.io/?EIO=4&transport=polling&t=9i8kwn6y 404 2ms | userId:guest ip:::1 reqId:unknown
[2026-06-04T08:57:38.145Z] GET /socket.io/?EIO=4&transport=polling&t=9id7gzap 404 2ms | userId:guest ip:::1 reqId:unknown
[2026-06-04T08:57:44.147Z] GET /socket.io/?EIO=4&transport=polling&t=9ihu7xl3 404 1ms | userId:guest ip:::1 reqId:unknown
[2026-06-04T08:57:50.139Z] GET /socket.io/?EIO=4&transport=polling&t=9imgok1e 404 0ms | userId:guest ip:::1 reqId:unknown
[2026-06-04T08:57:56.143Z] GET /socket.io/?EIO=4&transport=polling&t=9ir3f2yb 404 1ms | userId:guest ip:::1 reqId:unknown
[2026-06-04T08:58:02.143Z] GET /socket.io/?EIO=4&transport=polling&t=9ivq3ldk 404 1ms | userId:guest ip:::1 reqId:unknown
[2026-06-04T08:58:08.144Z] GET /socket.io/?EIO=4&transport=polling&t=9j0crj2v 404 1ms | userId:guest ip:::1 reqId:unknown
[2026-06-04T08:58:14.141Z] GET /socket.io/?EIO=4&transport=polling&t=9j4zbexz 404 1ms | userId:guest ip:::1 reqId:unknown
[2026-06-04T08:58:20.139Z] GET /socket.io/?EIO=4&transport=polling&t=9j9lymyr 404 1ms | userId:guest ip:::1 reqId:unknown
[2026-06-04T08:58:26.143Z] GET /socket.io/?EIO=4&transport=polling&t=9je8rdg6 404 1ms | userId:guest ip:::1 reqId:unknown
[2026-06-04T08:58:32.148Z] GET /socket.io/?EIO=4&transport=polling&t=9jivipm3 404 2ms | userId:guest ip:::1 reqId:unknown
[2026-06-04T08:58:38.144Z] GET /socket.io/?EIO=4&transport=polling&t=9jni3d6t 404 1ms | userId:guest ip:::1 reqId:unknown
[2026-06-04T08:58:44.136Z] GET /socket.io/?EIO=4&transport=polling&t=9js4kkro 404 2ms | userId:guest ip:::1 reqId:unknown
[2026-06-04T08:58:50.149Z] GET /socket.io/?EIO=4&transport=polling&t=9jwrfgxz 404 1ms | userId:guest ip:::1 reqId:unknown
[2026-06-04T08:58:56.136Z] GET /socket.io/?EIO=4&transport=polling&t=9k1dv2yd 404 1ms | userId:guest ip:::1 reqId:unknown
[2026-06-04T08:59:02.153Z] GET /socket.io/?EIO=4&transport=polling&t=9k60x5jt 404 2ms | userId:guest ip:::1 reqId:unknown
[2026-06-04T08:59:08.144Z] GET /socket.io/?EIO=4&transport=polling&t=9kanepzb 404 1ms | userId:guest ip:::1 reqId:unknown
[2026-06-04T08:59:14.150Z] GET /socket.io/?EIO=4&transport=polling&t=9kfa95ob 404 1ms | userId:guest ip:::1 reqId:unknown
[2026-06-04T08:59:20.142Z] GET /socket.io/?EIO=4&transport=polling&t=9kjwpgys 404 2ms | userId:guest ip:::1 reqId:unknown
[2026-06-04T08:59:26.153Z] GET /socket.io/?EIO=4&transport=polling&t=9kojl3pv 404 1ms | userId:guest ip:::1 reqId:unknown
[2026-06-04T08:59:32.141Z] GET /socket.io/?EIO=4&transport=polling&t=9kt6091v 404 1ms | userId:guest ip:::1 reqId:unknown
[2026-06-04T08:59:38.133Z] GET /socket.io/?EIO=4&transport=polling&t=9kxshsgw 404 1ms | userId:guest ip:::1 reqId:unknown
[2026-06-04T08:59:44.137Z] GET /socket.io/?EIO=4&transport=polling&t=9l2f8657 404 1ms | userId:guest ip:::1 reqId:unknown
[2026-06-04T08:59:50.137Z] GET /socket.io/?EIO=4&transport=polling&t=9l71xuoj 404 1ms | userId:guest ip:::1 reqId:unknown
